<?xml version="1.0" encoding="UTF-8"?>
<!-- Generated by org.testng.reporters.JUnitXMLReporter -->
<testsuite hostname="DESKTOP-HUKRRR5" failures="0" tests="3" name="Test" time="30.907" errors="0" timestamp="27 May 2021 13:58:14 GMT">
  <testcase classname="com.automation.bussinessscript.FbTest" name="fblogin" time="6.507"/>
  <testcase classname="com.automation.bussinessscript.GmailTest" name="gmailogin" time="8.647"/>
  <testcase classname="com.automation.bussinessscript.FlipKart" name="login" time="9.295"/>
</testsuite> <!-- Test -->
