<?xml version="1.0" encoding="UTF-8"?>
<testng-results skipped="0" failed="0" total="2" passed="2">
  <reporter-output>
  </reporter-output>
  <suite name="Suite" duration-ms="30854" started-at="2021-06-05T15:11:50Z" finished-at="2021-06-05T15:12:20Z">
    <groups>
    </groups>
    <test name="Chrome Test" duration-ms="30854" started-at="2021-06-05T15:11:50Z" finished-at="2021-06-05T15:12:20Z">
      <class name="com.automation.bussinessscript.FbTest">
        <test-method status="PASS" signature="OpenBrowser(java.lang.String)[pri:0, instance:com.automation.bussinessscript.FbTest@3b2da18f]" name="OpenBrowser" is-config="true" duration-ms="6043" started-at="2021-06-05T08:11:44Z" finished-at="2021-06-05T08:11:50Z">
          <params>
            <param index="0">
              <value>
                <![CDATA[chrome]]>
              </value>
            </param>
          </params>
          <reporter-output>
          </reporter-output>
        </test-method> <!-- OpenBrowser -->
        <test-method status="PASS" signature="initireports()[pri:0, instance:com.automation.bussinessscript.FbTest@3b2da18f]" name="initireports" is-config="true" duration-ms="400" started-at="2021-06-05T08:11:50Z" finished-at="2021-06-05T08:11:50Z">
          <reporter-output>
          </reporter-output>
        </test-method> <!-- initireports -->
        <test-method status="PASS" signature="beforemethod(java.lang.reflect.Method)[pri:0, instance:com.automation.bussinessscript.FbTest@3b2da18f]" name="beforemethod" is-config="true" duration-ms="14" started-at="2021-06-05T08:11:50Z" finished-at="2021-06-05T08:11:50Z">
          <params>
            <param index="0">
              <value>
                <![CDATA[public void com.automation.bussinessscript.FbTest.fblogin() throws java.lang.InterruptedException,java.io.IOException]]>
              </value>
            </param>
          </params>
          <reporter-output>
          </reporter-output>
        </test-method> <!-- beforemethod -->
        <test-method status="PASS" signature="fblogin()[pri:0, instance:com.automation.bussinessscript.FbTest@3b2da18f]" name="fblogin" duration-ms="9792" started-at="2021-06-05T08:11:50Z" finished-at="2021-06-05T08:12:00Z">
          <reporter-output>
          </reporter-output>
        </test-method> <!-- fblogin -->
        <test-method status="PASS" signature="aftermethod(org.testng.ITestResult)[pri:0, instance:com.automation.bussinessscript.FbTest@3b2da18f]" name="aftermethod" is-config="true" duration-ms="7864" started-at="2021-06-05T08:12:00Z" finished-at="2021-06-05T08:12:08Z">
          <params>
            <param index="0">
              <value>
                <![CDATA[[TestResult name=fblogin status=SUCCESS method=FbTest.fblogin()[pri:0, instance:com.automation.bussinessscript.FbTest@3b2da18f] output={null}]]]>
              </value>
            </param>
          </params>
          <reporter-output>
          </reporter-output>
        </test-method> <!-- aftermethod -->
        <test-method status="PASS" signature="beforemethod(java.lang.reflect.Method)[pri:0, instance:com.automation.bussinessscript.FbTest@3b2da18f]" name="beforemethod" is-config="true" duration-ms="1" started-at="2021-06-05T08:12:08Z" finished-at="2021-06-05T08:12:08Z">
          <params>
            <param index="0">
              <value>
                <![CDATA[public void com.automation.bussinessscript.FbTest.second()]]>
              </value>
            </param>
          </params>
          <reporter-output>
          </reporter-output>
        </test-method> <!-- beforemethod -->
        <test-method status="PASS" signature="second()[pri:0, instance:com.automation.bussinessscript.FbTest@3b2da18f]" name="second" duration-ms="10172" started-at="2021-06-05T08:12:08Z" finished-at="2021-06-05T08:12:18Z">
          <reporter-output>
          </reporter-output>
        </test-method> <!-- second -->
        <test-method status="PASS" signature="aftermethod(org.testng.ITestResult)[pri:0, instance:com.automation.bussinessscript.FbTest@3b2da18f]" name="aftermethod" is-config="true" duration-ms="2329" started-at="2021-06-05T08:12:18Z" finished-at="2021-06-05T08:12:20Z">
          <params>
            <param index="0">
              <value>
                <![CDATA[[TestResult name=second status=SUCCESS method=FbTest.second()[pri:0, instance:com.automation.bussinessscript.FbTest@3b2da18f] output={null}]]]>
              </value>
            </param>
          </params>
          <reporter-output>
          </reporter-output>
        </test-method> <!-- aftermethod -->
        <test-method status="PASS" signature="generteRepots()[pri:0, instance:com.automation.bussinessscript.FbTest@3b2da18f]" name="generteRepots" is-config="true" duration-ms="242" started-at="2021-06-05T08:12:20Z" finished-at="2021-06-05T08:12:20Z">
          <reporter-output>
          </reporter-output>
        </test-method> <!-- generteRepots -->
        <test-method status="PASS" signature="close()[pri:0, instance:com.automation.bussinessscript.FbTest@3b2da18f]" name="close" is-config="true" duration-ms="1798" started-at="2021-06-05T08:12:21Z" finished-at="2021-06-05T08:12:22Z">
          <reporter-output>
          </reporter-output>
        </test-method> <!-- close -->
      </class> <!-- com.automation.bussinessscript.FbTest -->
    </test> <!-- Chrome Test -->
  </suite> <!-- Suite -->
</testng-results>
