<?xml version="1.0" encoding="UTF-8"?>
<testng-results ignored="0" total="1" passed="1" failed="0" skipped="0">
  <reporter-output>
  </reporter-output>
  <suite started-at="2021-06-01T10:30:29 PDT" name="Suite" finished-at="2021-06-01T10:30:49 PDT" duration-ms="19993">
    <groups>
    </groups>
    <test started-at="2021-06-01T10:30:29 PDT" name="Test" finished-at="2021-06-01T10:30:49 PDT" duration-ms="19993">
      <class name="com.automation.bussinessscript.FbTest">
        <test-method is-config="true" signature="OpenBrowser(java.lang.String)[pri:0, instance:com.automation.bussinessscript.FbTest@54f5f647]" started-at="2021-06-01T10:30:21 PDT" name="OpenBrowser" finished-at="2021-06-01T10:30:29 PDT" duration-ms="7661" status="PASS">
          <params>
            <param index="0">
              <value>
                <![CDATA[chrome]]>
              </value>
            </param>
          </params>
          <reporter-output>
          </reporter-output>
        </test-method> <!-- OpenBrowser -->
        <test-method is-config="true" signature="initireports()[pri:0, instance:com.automation.bussinessscript.FbTest@54f5f647]" started-at="2021-06-01T10:30:29 PDT" name="initireports" finished-at="2021-06-01T10:30:29 PDT" duration-ms="746" status="PASS">
          <reporter-output>
          </reporter-output>
        </test-method> <!-- initireports -->
        <test-method is-config="true" signature="beforemethod(java.lang.reflect.Method)[pri:0, instance:com.automation.bussinessscript.FbTest@54f5f647]" started-at="2021-06-01T10:30:30 PDT" name="beforemethod" finished-at="2021-06-01T10:30:30 PDT" duration-ms="24" status="PASS">
          <params>
            <param index="0">
              <value>
                <![CDATA[public void com.automation.bussinessscript.FbTest.fblogin() throws java.lang.InterruptedException,java.io.IOException]]>
              </value>
            </param>
          </params>
          <reporter-output>
          </reporter-output>
        </test-method> <!-- beforemethod -->
        <test-method signature="fblogin()[pri:0, instance:com.automation.bussinessscript.FbTest@54f5f647]" started-at="2021-06-01T10:30:30 PDT" name="fblogin" finished-at="2021-06-01T10:30:40 PDT" duration-ms="10438" status="PASS">
          <reporter-output>
          </reporter-output>
        </test-method> <!-- fblogin -->
        <test-method is-config="true" signature="aftermethod(org.testng.ITestResult)[pri:0, instance:com.automation.bussinessscript.FbTest@54f5f647]" started-at="2021-06-01T10:30:40 PDT" name="aftermethod" finished-at="2021-06-01T10:30:48 PDT" duration-ms="8204" status="PASS">
          <params>
            <param index="0">
              <value>
                <![CDATA[[TestResult name=fblogin status=SUCCESS method=FbTest.fblogin()[pri:0, instance:com.automation.bussinessscript.FbTest@54f5f647] output={null}]]]>
              </value>
            </param>
          </params>
          <reporter-output>
          </reporter-output>
        </test-method> <!-- aftermethod -->
        <test-method is-config="true" signature="generteRepots()[pri:0, instance:com.automation.bussinessscript.FbTest@54f5f647]" started-at="2021-06-01T10:30:48 PDT" name="generteRepots" finished-at="2021-06-01T10:30:49 PDT" duration-ms="387" status="PASS">
          <reporter-output>
          </reporter-output>
        </test-method> <!-- generteRepots -->
        <test-method is-config="true" signature="close()[pri:0, instance:com.automation.bussinessscript.FbTest@54f5f647]" started-at="2021-06-01T10:30:49 PDT" name="close" finished-at="2021-06-01T10:30:49 PDT" duration-ms="708" status="PASS">
          <reporter-output>
          </reporter-output>
        </test-method> <!-- close -->
      </class> <!-- com.automation.bussinessscript.FbTest -->
    </test> <!-- Test -->
  </suite> <!-- Suite -->
</testng-results>
